2025-06-17 20:11:38 ERROR o.s.b.SpringApplication - Application run failed
org.springframework.boot.docker.compose.core.DockerProcessStartException: Unable to start docker process. Is docker correctly installed?
	at org.springframework.boot.docker.compose.core.DockerCli$DockerCommands.getDockerCommand(DockerCli.java:140)
	at org.springframework.boot.docker.compose.core.DockerCli$DockerCommands.<init>(DockerCli.java:129)
	at org.springframework.boot.docker.compose.core.DockerCli.lambda$new$0(DockerCli.java:65)
	at java.base/java.util.HashMap.computeIfAbsent(HashMap.java:1220)
	at org.springframework.boot.docker.compose.core.DockerCli.<init>(DockerCli.java:64)
	at org.springframework.boot.docker.compose.core.DockerCompose.get(DockerCompose.java:92)
	at org.springframework.boot.docker.compose.lifecycle.DockerComposeLifecycleManager.getDockerCompose(DockerComposeLifecycleManager.java:156)
	at org.springframework.boot.docker.compose.lifecycle.DockerComposeLifecycleManager.start(DockerComposeLifecycleManager.java:111)
	at org.springframework.boot.docker.compose.lifecycle.DockerComposeListener.onApplicationEvent(DockerComposeListener.java:53)
	at org.springframework.boot.docker.compose.lifecycle.DockerComposeListener.onApplicationEvent(DockerComposeListener.java:35)
	at org.springframework.context.event.SimpleApplicationEventMulticaster.doInvokeListener(SimpleApplicationEventMulticaster.java:185)
	at org.springframework.context.event.SimpleApplicationEventMulticaster.invokeListener(SimpleApplicationEventMulticaster.java:178)
	at org.springframework.context.event.SimpleApplicationEventMulticaster.multicastEvent(SimpleApplicationEventMulticaster.java:156)
	at org.springframework.context.event.SimpleApplicationEventMulticaster.multicastEvent(SimpleApplicationEventMulticaster.java:138)
	at org.springframework.boot.context.event.EventPublishingRunListener.multicastInitialEvent(EventPublishingRunListener.java:136)
	at org.springframework.boot.context.event.EventPublishingRunListener.contextLoaded(EventPublishingRunListener.java:98)
	at org.springframework.boot.SpringApplicationRunListeners.lambda$contextLoaded$4(SpringApplicationRunListeners.java:72)
	at java.base/java.lang.Iterable.forEach(Iterable.java:75)
	at org.springframework.boot.SpringApplicationRunListeners.doWithListeners(SpringApplicationRunListeners.java:118)
	at org.springframework.boot.SpringApplicationRunListeners.doWithListeners(SpringApplicationRunListeners.java:112)
	at org.springframework.boot.SpringApplicationRunListeners.contextLoaded(SpringApplicationRunListeners.java:72)
	at org.springframework.boot.SpringApplication.prepareContext(SpringApplication.java:416)
	at org.springframework.boot.SpringApplication.run(SpringApplication.java:317)
	at org.springframework.boot.SpringApplication.run(SpringApplication.java:1362)
	at org.springframework.boot.SpringApplication.run(SpringApplication.java:1351)
	at com.mobile.studydocs.StudydocsApplication.main(StudydocsApplication.java:10)
Caused by: org.springframework.boot.docker.compose.core.ProcessStartException: Unable to start command docker version --format {{.Client.Version}}
	at org.springframework.boot.docker.compose.core.ProcessRunner.startProcess(ProcessRunner.java:115)
	at org.springframework.boot.docker.compose.core.ProcessRunner.run(ProcessRunner.java:87)
	at org.springframework.boot.docker.compose.core.ProcessRunner.run(ProcessRunner.java:74)
	at org.springframework.boot.docker.compose.core.DockerCli$DockerCommands.getDockerCommand(DockerCli.java:135)
	... 25 common frames omitted
Caused by: java.io.IOException: Cannot run program "docker": CreateProcess error=2, The system cannot find the file specified
	at java.base/java.lang.ProcessBuilder.start(ProcessBuilder.java:1143)
	at java.base/java.lang.ProcessBuilder.start(ProcessBuilder.java:1073)
	at org.springframework.boot.docker.compose.core.ProcessRunner.startProcess(ProcessRunner.java:105)
	... 28 common frames omitted
Caused by: java.io.IOException: CreateProcess error=2, The system cannot find the file specified
	at java.base/java.lang.ProcessImpl.create(Native Method)
	at java.base/java.lang.ProcessImpl.<init>(ProcessImpl.java:499)
	at java.base/java.lang.ProcessImpl.start(ProcessImpl.java:158)
	at java.base/java.lang.ProcessBuilder.start(ProcessBuilder.java:1110)
	... 30 common frames omitted
